<testsuite name="rgbTest" time="">
  <testcase name="test00" classname="platform:/resource/Test/models/from_itemis/RgbTest.sctunit#rgbTest.test00" time="">
  </testcase>
  <testcase name="test01" classname="platform:/resource/Test/models/from_itemis/RgbTest.sctunit#rgbTest.test01" time="">
  </testcase>
  <testcase name="test02" classname="platform:/resource/Test/models/from_itemis/RgbTest.sctunit#rgbTest.test02" time="">
  </testcase>
  <testcase name="test03" classname="platform:/resource/Test/models/from_itemis/RgbTest.sctunit#rgbTest.test03" time="">
  </testcase>
  <testcase name="test04" classname="platform:/resource/Test/models/from_itemis/RgbTest.sctunit#rgbTest.test04" time="">
  </testcase>
  <testcase name="test05" classname="platform:/resource/Test/models/from_itemis/RgbTest.sctunit#rgbTest.test05" time="">
  </testcase>
  <testcase name="test06" classname="platform:/resource/Test/models/from_itemis/RgbTest.sctunit#rgbTest.test06" time="">
  </testcase>
  <testcase name="test08" classname="platform:/resource/Test/models/from_itemis/RgbTest.sctunit#rgbTest.test08" time="">
  </testcase>
  <testcase name="test09" classname="platform:/resource/Test/models/from_itemis/RgbTest.sctunit#rgbTest.test09" time="">
  </testcase>
  <testcase name="test10" classname="platform:/resource/Test/models/from_itemis/RgbTest.sctunit#rgbTest.test10" time="">
  </testcase>
  <testcase name="test11" classname="platform:/resource/Test/models/from_itemis/RgbTest.sctunit#rgbTest.test11" time="">
  </testcase>
  <testcase name="test12" classname="platform:/resource/Test/models/from_itemis/RgbTest.sctunit#rgbTest.test12" time="">
  </testcase>
  <testcase name="test13" classname="platform:/resource/Test/models/from_itemis/RgbTest.sctunit#rgbTest.test13" time="">
  </testcase>
  <testcase name="test14" classname="platform:/resource/Test/models/from_itemis/RgbTest.sctunit#rgbTest.test14" time="">
  </testcase>
  <testcase name="test15" classname="platform:/resource/Test/models/from_itemis/RgbTest.sctunit#rgbTest.test15" time="">
  </testcase>
  <testcase name="test16" classname="platform:/resource/Test/models/from_itemis/RgbTest.sctunit#rgbTest.test16" time="">
    <failure>Assertion failed: "assert active (rgb.main_region._final_)" (Line 116)
    	Expected: , actual: [idle]
    </failure>
  </testcase>
  <testcase name="test17" classname="platform:/resource/Test/models/from_itemis/RgbTest.sctunit#rgbTest.test17" time="">
  </testcase>
  <testcase name="test18" classname="platform:/resource/Test/models/from_itemis/RgbTest.sctunit#rgbTest.test18" time="">
  </testcase>
  <testcase name="test19" classname="platform:/resource/Test/models/from_itemis/RgbTest.sctunit#rgbTest.test19" time="">
  </testcase>
  <testcase name="test20" classname="platform:/resource/Test/models/from_itemis/RgbTest.sctunit#rgbTest.test20" time="">
  </testcase>
  <testcase name="test21" classname="platform:/resource/Test/models/from_itemis/RgbTest.sctunit#rgbTest.test21" time="">
  </testcase>
  <testcase name="test22" classname="platform:/resource/Test/models/from_itemis/RgbTest.sctunit#rgbTest.test22" time="">
  </testcase>
  <testcase name="test23" classname="platform:/resource/Test/models/from_itemis/RgbTest.sctunit#rgbTest.test23" time="">
  </testcase>
  <testcase name="test24" classname="platform:/resource/Test/models/from_itemis/RgbTest.sctunit#rgbTest.test24" time="">
  </testcase>
  <testcase name="test25" classname="platform:/resource/Test/models/from_itemis/RgbTest.sctunit#rgbTest.test25" time="">
  </testcase>
  <testcase name="test26" classname="platform:/resource/Test/models/from_itemis/RgbTest.sctunit#rgbTest.test26" time="">
  </testcase>
  <testcase name="test27" classname="platform:/resource/Test/models/from_itemis/RgbTest.sctunit#rgbTest.test27" time="">
  </testcase>
  <testcase name="test28" classname="platform:/resource/Test/models/from_itemis/RgbTest.sctunit#rgbTest.test28" time="">
  </testcase>
  <testcase name="test29" classname="platform:/resource/Test/models/from_itemis/RgbTest.sctunit#rgbTest.test29" time="">
  </testcase>
  <testcase name="test30" classname="platform:/resource/Test/models/from_itemis/RgbTest.sctunit#rgbTest.test30" time="">
    <failure>Assertion failed: "assert is_final" (Line 209)
    </failure>
  </testcase>
  <testcase name="test31" classname="platform:/resource/Test/models/from_itemis/RgbTest.sctunit#rgbTest.test31" time="">
  </testcase>
  <testcase name="test32" classname="platform:/resource/Test/models/from_itemis/RgbTest.sctunit#rgbTest.test32" time="">
  </testcase>
  <testcase name="test33" classname="platform:/resource/Test/models/from_itemis/RgbTest.sctunit#rgbTest.test33" time="">
  </testcase>
  <testcase name="test34" classname="platform:/resource/Test/models/from_itemis/RgbTest.sctunit#rgbTest.test34" time="">
  </testcase>
  <testcase name="test35" classname="platform:/resource/Test/models/from_itemis/RgbTest.sctunit#rgbTest.test35" time="">
    <failure>Assertion failed: "assert !is_active" (Line 239)
    </failure>
  </testcase>
  <testcase name="test37" classname="platform:/resource/Test/models/from_itemis/RgbTest.sctunit#rgbTest.test37" time="">
  </testcase>
  <testcase name="test39" classname="platform:/resource/Test/models/from_itemis/RgbTest.sctunit#rgbTest.test39" time="">
  </testcase>
  <testcase name="test40" classname="platform:/resource/Test/models/from_itemis/RgbTest.sctunit#rgbTest.test40" time="">
    <failure>Assertion failed: "assert is_final" (Line 261)
    </failure>
  </testcase>
  <testcase name="test41" classname="platform:/resource/Test/models/from_itemis/RgbTest.sctunit#rgbTest.test41" time="">
  </testcase>
  <testcase name="test42" classname="platform:/resource/Test/models/from_itemis/RgbTest.sctunit#rgbTest.test42" time="">
  </testcase>
  <testcase name="test43" classname="platform:/resource/Test/models/from_itemis/RgbTest.sctunit#rgbTest.test43" time="">
  </testcase>
  <testcase name="test44" classname="platform:/resource/Test/models/from_itemis/RgbTest.sctunit#rgbTest.test44" time="">
  </testcase>
</testsuite>
